mode: set
web-service-gin/internal/products/service/service.go:24.63,29.2 2 1
web-service-gin/internal/products/service/service.go:31.62,33.16 2 1
web-service-gin/internal/products/service/service.go:36.2,36.22 1 1
web-service-gin/internal/products/service/service.go:33.16,35.3 1 1
web-service-gin/internal/products/service/service.go:39.66,41.17 2 1
web-service-gin/internal/products/service/service.go:44.2,44.21 1 1
web-service-gin/internal/products/service/service.go:41.17,43.3 1 1
web-service-gin/internal/products/service/service.go:52.37,54.16 2 1
web-service-gin/internal/products/service/service.go:57.2,57.24 1 1
web-service-gin/internal/products/service/service.go:54.16,56.3 1 1
web-service-gin/internal/products/service/service.go:60.83,62.16 2 1
web-service-gin/internal/products/service/service.go:65.2,65.21 1 1
web-service-gin/internal/products/service/service.go:62.16,64.3 1 1
web-service-gin/internal/products/service/service.go:74.37,76.16 2 1
web-service-gin/internal/products/service/service.go:80.2,81.21 2 1
web-service-gin/internal/products/service/service.go:76.16,78.3 1 1
web-service-gin/internal/products/service/service.go:84.39,85.48 1 1
web-service-gin/internal/products/service/service.go:88.2,88.12 1 1
web-service-gin/internal/products/service/service.go:85.48,87.3 1 1
